<?xml version="1.0" encoding="utf-8"?><messages><msg code="0" type="2">Start Time: domingo, 2 de junio de 2024 23:37:58</msg><msg code="0" type="1">Executing (Get Count): GetCount Fronteras_GLOBAL_ExportFeatures</msg><msg code="0" type="2">Start Time: domingo, 2 de junio de 2024 23:37:59</msg><msg code="0" type="0">Row Count = 61</msg><msg code="0" type="3">Succeeded at domingo, 2 de junio de 2024 23:37:59 (Elapsed Time: 0.01 seconds)</msg><msg code="0" type="1">Executing (Add Message (1)): AddMessage "La capa de entrada tiene 61 registros"</msg><msg code="0" type="2">Start Time: domingo, 2 de junio de 2024 23:37:59</msg><msg code="0" type="0">La capa de entrada tiene 61 registros</msg><msg code="0" type="3">Succeeded at domingo, 2 de junio de 2024 23:37:59 (Elapsed Time: 0.03 seconds)</msg><msg code="0" type="1">Executing (Iterate Feature Selection): IterateFeatureSelection Fronteras_GLOBAL_ExportFeatures # false</msg><msg code="0" type="2">Start Time: domingo, 2 de junio de 2024 23:37:59</msg><msg code="0" type="3">Succeeded at domingo, 2 de junio de 2024 23:37:59 (Elapsed Time: 0.03 seconds)</msg><msg code="0" type="1">Executing (Add Message (2)): AddMessage "Procesando el OID 1"</msg><msg code="0" type="2">Start Time: domingo, 2 de junio de 2024 23:37:59</msg><msg code="0" type="0">Procesando el OID 1</msg><msg code="0" type="3">Succeeded at domingo, 2 de junio de 2024 23:37:59 (Elapsed Time: 0.03 seconds)</msg><msg code="0" type="1">Executing (Get Field Value): GetFieldValue I_Fronteras_GLOBAL_ExportFeatures_OBJECTID NOMBRE String 0</msg><msg code="0" type="2">Start Time: domingo, 2 de junio de 2024 23:37:59</msg><msg code="0" type="3">Succeeded at domingo, 2 de junio de 2024 23:37:59 (Elapsed Time: 0.02 seconds)</msg><msg code="0" type="1">Executing (Add Message (3)): AddMessage "El OID 1 se identifica como AUSTRALIA"</msg><msg code="0" type="2">Start Time: domingo, 2 de junio de 2024 23:37:59</msg><msg code="0" type="0">El OID 1 se identifica como AUSTRALIA</msg><msg code="0" type="3">Succeeded at domingo, 2 de junio de 2024 23:37:59 (Elapsed Time: 0.03 seconds)</msg><msg code="0" type="1">Executing (Calculate Value): CalculateValue getNombre("AUSTRALIA", "1") "def getNombre(nom, oid):
    if not nom or nom.isspace():
        n = "desconocido_" + str(oid)
        return n
    else:
        return nom
        " Variant</msg><msg code="0" type="2">Start Time: domingo, 2 de junio de 2024 23:37:59</msg><msg code="0" type="0">Value = AUSTRALIA</msg><msg code="0" type="3">Succeeded at domingo, 2 de junio de 2024 23:37:59 (Elapsed Time: 0.00 seconds)</msg><msg code="0" type="1">Executing (Make Feature Layer): MakeFeatureLayer I_Fronteras_GLOBAL_ExportFeatures_OBJECTID AUSTRALIA # # "OBJECTID OBJECTID VISIBLE NONE;Shape Shape VISIBLE NONE;NOMBRE NOMBRE VISIBLE NONE;Shape_Length Shape_Length VISIBLE NONE;Shape_Area Shape_Area VISIBLE NONE"</msg><msg code="0" type="2">Start Time: domingo, 2 de junio de 2024 23:38:00</msg><msg code="0" type="3">Succeeded at domingo, 2 de junio de 2024 23:38:00 (Elapsed Time: 0.15 seconds)</msg><msg code="0" type="1">Executing (Layer To KML): LayerToKML AUSTRALIA "D:\trabajo\GIS\Desarrollo y personalizacion\python\arcpy\Feature2KML\Feature 2 KML Demo\New Folder\RRRRR_AUSTRALIA.kml" 0 NO_COMPOSITE "-179,9999999999 -89,9999999999 180,0000000001 83,1106262206237 GEOGCS["GCS_WGS_1984",DATUM["D_WGS_1984",SPHEROID["WGS_1984",6378137.0,298.257223563]],PRIMEM["Greenwich",0.0],UNIT["Degree",0.0174532925199433]]" 1024 96 CLAMPED_TO_GROUND</msg><msg code="0" type="2">Start Time: domingo, 2 de junio de 2024 23:38:01</msg><msg code="0" type="3">Succeeded at domingo, 2 de junio de 2024 23:38:02 (Elapsed Time: 0.71 seconds)</msg><msg code="0" type="1">Executing (Add Message (4)): AddMessage "Se ha creado la capa RRRRR_AUSTRALIA.kml"</msg><msg code="0" type="2">Start Time: domingo, 2 de junio de 2024 23:38:02</msg><msg code="0" type="0">Se ha creado la capa RRRRR_AUSTRALIA.kml</msg><msg code="0" type="3">Succeeded at domingo, 2 de junio de 2024 23:38:02 (Elapsed Time: 0.02 seconds)</msg><msg code="0" type="1">Executing (Calculate Value (2)): CalculateValue contar("1") "def contar(contador):
    try:
        int(contador)
        return contador + 1
    except ValuerError:
        return 1" Variant</msg><msg code="0" type="2">Start Time: domingo, 2 de junio de 2024 23:38:02</msg><msg code="539" type="100">ERROR 000539: Traceback (most recent call last):
  File "&lt;string&gt;", line 4, in contar
TypeError: can only concatenate str (not "int") to str

During handling of the above exception, another exception occurred:

Traceback (most recent call last):
  File "&lt;expression&gt;", line 1, in &lt;module&gt;
  File "&lt;string&gt;", line 5, in contar
NameError: name 'ValuerError' is not defined
</msg><msg code="-2147467259" type="100">Failed to execute (Calculate Value (2)).</msg><msg code="0" type="3">Failed at domingo, 2 de junio de 2024 23:38:02 (Elapsed Time: 0.01 seconds)</msg><msg code="-2147467259" type="100">Failed to execute (FeatureToKMLModel).</msg><msg code="0" type="3">Failed at domingo, 2 de junio de 2024 23:38:02 (Elapsed Time: 3.68 seconds)</msg></messages>